[debug] [2022-12-11T14:48:54.151Z] ----------------------------------------------------------------------
[debug] [2022-12-11T14:48:54.153Z] Command:       C:\Program Files\nodejs\node.exe C:\Users\flori\AppData\Roaming\npm\node_modules\firebase-tools\lib\bin\firebase.js init
[debug] [2022-12-11T14:48:54.153Z] CLI Version:   11.17.0
[debug] [2022-12-11T14:48:54.153Z] Platform:      win32
[debug] [2022-12-11T14:48:54.154Z] Node Version:  v18.12.1
[debug] [2022-12-11T14:48:54.155Z] Time:          Sun Dec 11 2022 15:48:54 GMT+0100 (Mitteleuropäische Normalzeit)
[debug] [2022-12-11T14:48:54.155Z] ----------------------------------------------------------------------
[debug] 
[debug] [2022-12-11T14:48:54.166Z] > command requires scopes: ["email","openid","https://www.googleapis.com/auth/cloudplatformprojects.readonly","https://www.googleapis.com/auth/firebase","https://www.googleapis.com/auth/cloud-platform"]
[debug] [2022-12-11T14:48:54.167Z] > authorizing via signed-in user (florianmeinhart3@gmail.com)
[info] 
     ######## #### ########  ######## ########     ###     ######  ########
     ##        ##  ##     ## ##       ##     ##  ##   ##  ##       ##
     ######    ##  ########  ######   ########  #########  ######  ######
     ##        ##  ##    ##  ##       ##     ## ##     ##       ## ##
     ##       #### ##     ## ######## ########  ##     ##  ######  ########

You're about to initialize a Firebase project in this directory:

  C:\Users\flori\source\repos\AngularTestApp\test-app

[info] 
=== Project Setup
[info] 
[info] First, let's associate this project directory with a Firebase project.
[info] You can create multiple project aliases by running firebase use --add, 
[info] but for now we'll just set up a default project.
[info] 
[debug] [2022-12-11T14:49:15.518Z] > refreshing access token with scopes: []
[debug] [2022-12-11T14:49:15.522Z] >>> [apiv2][query] POST https://www.googleapis.com/oauth2/v3/token [none]
[debug] [2022-12-11T14:49:15.522Z] >>> [apiv2][body] POST https://www.googleapis.com/oauth2/v3/token [omitted]
[debug] [2022-12-11T14:49:15.898Z] <<< [apiv2][status] POST https://www.googleapis.com/oauth2/v3/token 200
[debug] [2022-12-11T14:49:15.898Z] <<< [apiv2][body] POST https://www.googleapis.com/oauth2/v3/token [omitted]
[debug] [2022-12-11T14:49:15.908Z] >>> [apiv2][query] GET https://firebase.googleapis.com/v1beta1/projects pageSize=100
[debug] [2022-12-11T14:49:16.666Z] <<< [apiv2][status] GET https://firebase.googleapis.com/v1beta1/projects 200
[debug] [2022-12-11T14:49:16.666Z] <<< [apiv2][body] GET https://firebase.googleapis.com/v1beta1/projects [omitted]
[debug] [2022-12-11T14:49:55.827Z] ----------------------------------------------------------------------
[debug] [2022-12-11T14:49:55.829Z] Command:       C:\Program Files\nodejs\node.exe C:\Users\flori\AppData\Roaming\npm\node_modules\firebase-tools\lib\bin\firebase.js init
[debug] [2022-12-11T14:49:55.830Z] CLI Version:   11.17.0
[debug] [2022-12-11T14:49:55.830Z] Platform:      win32
[debug] [2022-12-11T14:49:55.830Z] Node Version:  v18.12.1
[debug] [2022-12-11T14:49:55.831Z] Time:          Sun Dec 11 2022 15:49:55 GMT+0100 (Mitteleuropäische Normalzeit)
[debug] [2022-12-11T14:49:55.831Z] ----------------------------------------------------------------------
[debug] 
[debug] [2022-12-11T14:49:55.840Z] > command requires scopes: ["email","openid","https://www.googleapis.com/auth/cloudplatformprojects.readonly","https://www.googleapis.com/auth/firebase","https://www.googleapis.com/auth/cloud-platform"]
[debug] [2022-12-11T14:49:55.840Z] > authorizing via signed-in user (florianmeinhart3@gmail.com)
[info] 
     ######## #### ########  ######## ########     ###     ######  ########
     ##        ##  ##     ## ##       ##     ##  ##   ##  ##       ##
     ######    ##  ########  ######   ########  #########  ######  ######
     ##        ##  ##    ##  ##       ##     ## ##     ##       ## ##
     ##       #### ##     ## ######## ########  ##     ##  ######  ########

You're about to initialize a Firebase project in this directory:

  C:\Users\flori\source\repos\AngularTestApp\test-app

